# JRE version: OpenJDK Runtime Environment (11.0.12+7) (build 11.0.12+7-b1504.28-7817840)
# Java VM: OpenJDK 64-Bit Server VM (11.0.12+7-b1504.28-7817840, mixed mode, tiered, compressed oops, g1 gc, windows-amd64)
Heap:
 garbage-first heap   total 275456K, used 188708K [0x0000000080000000, 0x0000000100000000)
  region size 1024K, 48 young (49152K), 2 survivors (2048K)
 Metaspace       used 129927K, capacity 133292K, committed 133440K, reserved 1165312K
  class space    used 15910K, capacity 17167K, committed 17220K, reserved 1048576K
GC Heap History (20 events):
Event: 5582.733 GC heap before
{Heap before GC invocations=36 (full 0):
 garbage-first heap   total 229376K, used 195673K [0x0000000080000000, 0x0000000100000000)
  region size 1024K, 34 young (34816K), 2 survivors (2048K)
 Metaspace       used 122396K, capacity 125573K, committed 125632K, reserved 1159168K
  class space    used 15129K, capacity 16306K, committed 16324K, reserved 1048576K
}
Event: 5582.749 GC heap after
{Heap after GC invocations=37 (full 0):
 garbage-first heap   total 229376K, used 161531K [0x0000000080000000, 0x0000000100000000)
  region size 1024K, 5 young (5120K), 5 survivors (5120K)
 Metaspace       used 122396K, capacity 125573K, committed 125632K, reserved 1159168K
  class space    used 15129K, capacity 16306K, committed 16324K, reserved 1048576K
}
Event: 5582.965 GC heap before
{Heap before GC invocations=37 (full 0):
 garbage-first heap   total 229376K, used 182011K [0x0000000080000000, 0x0000000100000000)
  region size 1024K, 11 young (11264K), 5 survivors (5120K)
 Metaspace       used 122453K, capacity 125694K, committed 125888K, reserved 1159168K
  class space    used 15135K, capacity 16316K, committed 16324K, reserved 1048576K
}
Event: 5582.986 GC heap after
{Heap after GC invocations=38 (full 0):
 garbage-first heap   total 229376K, used 161563K [0x0000000080000000, 0x0000000100000000)
  region size 1024K, 2 young (2048K), 2 survivors (2048K)
 Metaspace       used 122453K, capacity 125694K, committed 125888K, reserved 1159168K
  class space    used 15135K, capacity 16316K, committed 16324K, reserved 1048576K
}
Event: 5583.215 GC heap before
{Heap before GC invocations=38 (full 0):
 garbage-first heap   total 229376K, used 188187K [0x0000000080000000, 0x0000000100000000)
  region size 1024K, 29 young (29696K), 2 survivors (2048K)
 Metaspace       used 124034K, capacity 127216K, committed 127424K, reserved 1161216K
  class space    used 15268K, capacity 16449K, committed 16580K, reserved 1048576K
}
Event: 5583.222 GC heap after
{Heap after GC invocations=39 (full 0):
 garbage-first heap   total 229376K, used 166497K [0x0000000080000000, 0x0000000100000000)
  region size 1024K, 4 young (4096K), 4 survivors (4096K)
 Metaspace       used 124034K, capacity 127216K, committed 127424K, reserved 1161216K
  class space    used 15268K, capacity 16449K, committed 16580K, reserved 1048576K
}
Event: 5583.621 GC heap before
{Heap before GC invocations=40 (full 0):
 garbage-first heap   total 229376K, used 191073K [0x0000000080000000, 0x0000000100000000)
  region size 1024K, 29 young (29696K), 4 survivors (4096K)
 Metaspace       used 124827K, capacity 128048K, committed 128192K, reserved 1161216K
  class space    used 15317K, capacity 16513K, committed 16580K, reserved 1048576K
}
Event: 5583.628 GC heap after
{Heap after GC invocations=41 (full 0):
 garbage-first heap   total 229376K, used 167973K [0x0000000080000000, 0x0000000100000000)
  region size 1024K, 3 young (3072K), 3 survivors (3072K)
 Metaspace       used 124827K, capacity 128048K, committed 128192K, reserved 1161216K
  class space    used 15317K, capacity 16513K, committed 16580K, reserved 1048576K
}
Event: 5583.695 GC heap before
{Heap before GC invocations=41 (full 0):
 garbage-first heap   total 229376K, used 176165K [0x0000000080000000, 0x0000000100000000)
  region size 1024K, 11 young (11264K), 3 survivors (3072K)
 Metaspace       used 124871K, capacity 128048K, committed 128192K, reserved 1161216K
  class space    used 15317K, capacity 16513K, committed 16580K, reserved 1048576K
}
Event: 5583.707 GC heap after
{Heap after GC invocations=42 (full 0):
 garbage-first heap   total 229376K, used 149636K [0x0000000080000000, 0x0000000100000000)
  region size 1024K, 2 young (2048K), 2 survivors (2048K)
 Metaspace       used 124871K, capacity 128048K, committed 128192K, reserved 1161216K
  class space    used 15317K, capacity 16513K, committed 16580K, reserved 1048576K
}
Event: 5583.769 GC heap before
{Heap before GC invocations=42 (full 0):
 garbage-first heap   total 229376K, used 158852K [0x0000000080000000, 0x0000000100000000)
  region size 1024K, 11 young (11264K), 2 survivors (2048K)
 Metaspace       used 125049K, capacity 128240K, committed 128448K, reserved 1161216K
  class space    used 15319K, capacity 16513K, committed 16580K, reserved 1048576K
}
Event: 5583.778 GC heap after
{Heap after GC invocations=43 (full 0):
 garbage-first heap   total 229376K, used 147709K [0x0000000080000000, 0x0000000100000000)
  region size 1024K, 2 young (2048K), 2 survivors (2048K)
 Metaspace       used 125049K, capacity 128240K, committed 128448K, reserved 1161216K
  class space    used 15319K, capacity 16513K, committed 16580K, reserved 1048576K
}
Event: 5584.081 GC heap before
{Heap before GC invocations=43 (full 0):
 garbage-first heap   total 229376K, used 180477K [0x0000000080000000, 0x0000000100000000)
  region size 1024K, 35 young (35840K), 2 survivors (2048K)
 Metaspace       used 125648K, capacity 128846K, committed 129088K, reserved 1161216K
  class space    used 15391K, capacity 16585K, committed 16708K, reserved 1048576K
}
Event: 5584.090 GC heap after
{Heap after GC invocations=44 (full 0):
 garbage-first heap   total 229376K, used 152327K [0x0000000080000000, 0x0000000100000000)
  region size 1024K, 5 young (5120K), 5 survivors (5120K)
 Metaspace       used 125648K, capacity 128846K, committed 129088K, reserved 1161216K
  class space    used 15391K, capacity 16585K, committed 16708K, reserved 1048576K
}
Event: 5584.577 GC heap before
{Heap before GC invocations=45 (full 0):
 garbage-first heap   total 229376K, used 183047K [0x0000000080000000, 0x0000000100000000)
  region size 1024K, 38 young (38912K), 5 survivors (5120K)
 Metaspace       used 126606K, capacity 129885K, committed 130112K, reserved 1163264K
  class space    used 15482K, capacity 16672K, committed 16708K, reserved 1048576K
}
Event: 5584.585 GC heap after
{Heap after GC invocations=46 (full 0):
 garbage-first heap   total 229376K, used 149471K [0x0000000080000000, 0x0000000100000000)
  region size 1024K, 2 young (2048K), 2 survivors (2048K)
 Metaspace       used 126606K, capacity 129885K, committed 130112K, reserved 1163264K
  class space    used 15482K, capacity 16672K, committed 16708K, reserved 1048576K
}
Event: 5584.657 GC heap before
{Heap before GC invocations=46 (full 0):
 garbage-first heap   total 229376K, used 157663K [0x0000000080000000, 0x0000000100000000)
  region size 1024K, 11 young (11264K), 2 survivors (2048K)
 Metaspace       used 126976K, capacity 130250K, committed 130496K, reserved 1163264K
  class space    used 15532K, capacity 16729K, committed 16836K, reserved 1048576K
}
Event: 5584.664 GC heap after
{Heap after GC invocations=47 (full 0):
 garbage-first heap   total 229376K, used 138297K [0x0000000080000000, 0x0000000100000000)
  region size 1024K, 1 young (1024K), 1 survivors (1024K)
 Metaspace       used 126976K, capacity 130250K, committed 130496K, reserved 1163264K
  class space    used 15532K, capacity 16729K, committed 16836K, reserved 1048576K
}
Event: 5584.757 GC heap before
{Heap before GC invocations=47 (full 0):
 garbage-first heap   total 229376K, used 143417K [0x0000000080000000, 0x0000000100000000)
  region size 1024K, 8 young (8192K), 1 survivors (1024K)
 Metaspace       used 127275K, capacity 130501K, committed 130752K, reserved 1163264K
  class space    used 15561K, capacity 16767K, committed 16836K, reserved 1048576K
}
Event: 5584.762 GC heap after
{Heap after GC invocations=48 (full 0):
 garbage-first heap   total 275456K, used 138532K [0x0000000080000000, 0x0000000100000000)
  region size 1024K, 2 young (2048K), 2 survivors (2048K)
 Metaspace       used 127275K, capacity 130501K, committed 130752K, reserved 1163264K
  class space    used 15561K, capacity 16767K, committed 16836K, reserved 1048576K
}

