# JRE version: OpenJDK Runtime Environment (11.0.12+7) (build 11.0.12+7-b1504.28-7817840)
# Java VM: OpenJDK 64-Bit Server VM (11.0.12+7-b1504.28-7817840, mixed mode, tiered, compressed oops, g1 gc, windows-amd64)
Heap:
 garbage-first heap   total 229376K, used 143360K [0x0000000080000000, 0x0000000100000000)
  region size 1024K, 21 young (21504K), 11 survivors (11264K)
 Metaspace       used 97777K, capacity 100353K, committed 100468K, reserved 1136640K
  class space    used 12853K, capacity 13845K, committed 13940K, reserved 1048576K
GC Heap History (20 events):
Event: 7.032 GC heap before
{Heap before GC invocations=4 (full 0):
 garbage-first heap   total 229376K, used 115613K [0x0000000080000000, 0x0000000100000000)
  region size 1024K, 98 young (100352K), 1 survivors (1024K)
 Metaspace       used 34920K, capacity 35727K, committed 35840K, reserved 1081344K
  class space    used 4534K, capacity 4839K, committed 4864K, reserved 1048576K
}
Event: 7.054 GC heap after
{Heap after GC invocations=5 (full 0):
 garbage-first heap   total 229376K, used 21753K [0x0000000080000000, 0x0000000100000000)
  region size 1024K, 6 young (6144K), 6 survivors (6144K)
 Metaspace       used 34920K, capacity 35727K, committed 35840K, reserved 1081344K
  class space    used 4534K, capacity 4839K, committed 4864K, reserved 1048576K
}
Event: 9.572 GC heap before
{Heap before GC invocations=6 (full 0):
 garbage-first heap   total 229376K, used 141561K [0x0000000080000000, 0x0000000100000000)
  region size 1024K, 120 young (122880K), 6 survivors (6144K)
 Metaspace       used 44812K, capacity 45815K, committed 45952K, reserved 1089536K
  class space    used 5777K, capacity 6163K, committed 6272K, reserved 1048576K
}
Event: 9.584 GC heap after
{Heap after GC invocations=7 (full 0):
 garbage-first heap   total 229376K, used 29129K [0x0000000080000000, 0x0000000100000000)
  region size 1024K, 13 young (13312K), 13 survivors (13312K)
 Metaspace       used 44812K, capacity 45815K, committed 45952K, reserved 1089536K
  class space    used 5777K, capacity 6163K, committed 6272K, reserved 1048576K
}
Event: 12.118 GC heap before
{Heap before GC invocations=7 (full 0):
 garbage-first heap   total 229376K, used 156105K [0x0000000080000000, 0x0000000100000000)
  region size 1024K, 134 young (137216K), 13 survivors (13312K)
 Metaspace       used 52845K, capacity 54193K, committed 54400K, reserved 1095680K
  class space    used 6774K, capacity 7278K, committed 7296K, reserved 1048576K
}
Event: 12.138 GC heap after
{Heap after GC invocations=8 (full 0):
 garbage-first heap   total 229376K, used 42864K [0x0000000080000000, 0x0000000100000000)
  region size 1024K, 17 young (17408K), 17 survivors (17408K)
 Metaspace       used 52845K, capacity 54193K, committed 54400K, reserved 1095680K
  class space    used 6774K, capacity 7278K, committed 7296K, reserved 1048576K
}
Event: 12.957 GC heap before
{Heap before GC invocations=8 (full 0):
 garbage-first heap   total 229376K, used 78704K [0x0000000080000000, 0x0000000100000000)
  region size 1024K, 53 young (54272K), 17 survivors (17408K)
 Metaspace       used 58449K, capacity 59873K, committed 59904K, reserved 1101824K
  class space    used 7398K, capacity 7929K, committed 7936K, reserved 1048576K
}
Event: 12.993 GC heap after
{Heap after GC invocations=9 (full 0):
 garbage-first heap   total 229376K, used 45556K [0x0000000080000000, 0x0000000100000000)
  region size 1024K, 3 young (3072K), 3 survivors (3072K)
 Metaspace       used 58449K, capacity 59873K, committed 59904K, reserved 1101824K
  class space    used 7398K, capacity 7929K, committed 7936K, reserved 1048576K
}
Event: 14.697 GC heap before
{Heap before GC invocations=10 (full 0):
 garbage-first heap   total 229376K, used 154100K [0x0000000080000000, 0x0000000100000000)
  region size 1024K, 109 young (111616K), 3 survivors (3072K)
 Metaspace       used 66358K, capacity 67957K, committed 68216K, reserved 1107968K
  class space    used 8448K, capacity 9054K, committed 9080K, reserved 1048576K
}
Event: 14.707 GC heap after
{Heap after GC invocations=11 (full 0):
 garbage-first heap   total 229376K, used 52399K [0x0000000080000000, 0x0000000100000000)
  region size 1024K, 10 young (10240K), 10 survivors (10240K)
 Metaspace       used 66358K, capacity 67957K, committed 68216K, reserved 1107968K
  class space    used 8448K, capacity 9054K, committed 9080K, reserved 1048576K
}
Event: 16.593 GC heap before
{Heap before GC invocations=11 (full 0):
 garbage-first heap   total 229376K, used 160943K [0x0000000080000000, 0x0000000100000000)
  region size 1024K, 116 young (118784K), 10 survivors (10240K)
 Metaspace       used 77054K, capacity 78876K, committed 79224K, reserved 1118208K
  class space    used 10098K, capacity 10767K, committed 10872K, reserved 1048576K
}
Event: 16.613 GC heap after
{Heap after GC invocations=12 (full 0):
 garbage-first heap   total 229376K, used 58731K [0x0000000080000000, 0x0000000100000000)
  region size 1024K, 7 young (7168K), 7 survivors (7168K)
 Metaspace       used 77054K, capacity 78876K, committed 79224K, reserved 1118208K
  class space    used 10098K, capacity 10767K, committed 10872K, reserved 1048576K
}
Event: 18.802 GC heap before
{Heap before GC invocations=12 (full 0):
 garbage-first heap   total 229376K, used 166251K [0x0000000080000000, 0x0000000100000000)
  region size 1024K, 113 young (115712K), 7 survivors (7168K)
 Metaspace       used 84222K, capacity 86446K, committed 86648K, reserved 1124352K
  class space    used 10992K, capacity 11842K, committed 11896K, reserved 1048576K
}
Event: 18.822 GC heap after
{Heap after GC invocations=13 (full 0):
 garbage-first heap   total 229376K, used 67584K [0x0000000080000000, 0x0000000100000000)
  region size 1024K, 15 young (15360K), 15 survivors (15360K)
 Metaspace       used 84222K, capacity 86446K, committed 86648K, reserved 1124352K
  class space    used 10992K, capacity 11842K, committed 11896K, reserved 1048576K
}
Event: 19.818 GC heap before
{Heap before GC invocations=13 (full 0):
 garbage-first heap   total 229376K, used 171008K [0x0000000080000000, 0x0000000100000000)
  region size 1024K, 117 young (119808K), 15 survivors (15360K)
 Metaspace       used 87175K, capacity 89436K, committed 89592K, reserved 1126400K
  class space    used 11336K, capacity 12194K, committed 12280K, reserved 1048576K
}
Event: 19.837 GC heap after
{Heap after GC invocations=14 (full 0):
 garbage-first heap   total 229376K, used 74333K [0x0000000080000000, 0x0000000100000000)
  region size 1024K, 7 young (7168K), 7 survivors (7168K)
 Metaspace       used 87175K, capacity 89436K, committed 89592K, reserved 1126400K
  class space    used 11336K, capacity 12194K, committed 12280K, reserved 1048576K
}
Event: 20.513 GC heap before
{Heap before GC invocations=14 (full 0):
 garbage-first heap   total 229376K, used 192093K [0x0000000080000000, 0x0000000100000000)
  region size 1024K, 107 young (109568K), 7 survivors (7168K)
 Metaspace       used 93413K, capacity 95762K, committed 95992K, reserved 1132544K
  class space    used 12113K, capacity 12999K, committed 13048K, reserved 1048576K
}
Event: 20.533 GC heap after
{Heap after GC invocations=15 (full 0):
 garbage-first heap   total 229376K, used 104728K [0x0000000080000000, 0x0000000100000000)
  region size 1024K, 14 young (14336K), 14 survivors (14336K)
 Metaspace       used 93413K, capacity 95762K, committed 95992K, reserved 1132544K
  class space    used 12113K, capacity 12999K, committed 13048K, reserved 1048576K
}
Event: 21.151 GC heap before
{Heap before GC invocations=15 (full 0):
 garbage-first heap   total 229376K, used 175384K [0x0000000080000000, 0x0000000100000000)
  region size 1024K, 84 young (86016K), 14 survivors (14336K)
 Metaspace       used 97528K, capacity 100049K, committed 100088K, reserved 1136640K
  class space    used 12820K, capacity 13789K, committed 13816K, reserved 1048576K
}
Event: 21.194 GC heap after
{Heap after GC invocations=16 (full 0):
 garbage-first heap   total 229376K, used 134144K [0x0000000080000000, 0x0000000100000000)
  region size 1024K, 11 young (11264K), 11 survivors (11264K)
 Metaspace       used 97528K, capacity 100049K, committed 100088K, reserved 1136640K
  class space    used 12820K, capacity 13789K, committed 13816K, reserved 1048576K
}

