# JRE version: OpenJDK Runtime Environment (11.0.12+7) (build 11.0.12+7-b1504.28-7817840)
# Java VM: OpenJDK 64-Bit Server VM (11.0.12+7-b1504.28-7817840, mixed mode, tiered, compressed oops, g1 gc, windows-amd64)
Heap:
 garbage-first heap   total 369664K, used 118679K [0x0000000080000000, 0x0000000100000000)
  region size 1024K, 7 young (7168K), 7 survivors (7168K)
 Metaspace       used 110365K, capacity 113230K, committed 113272K, reserved 1146880K
  class space    used 14323K, capacity 15441K, committed 15480K, reserved 1048576K
GC Heap History (20 events):
Event: 22.239 GC heap after
{Heap after GC invocations=29 (full 0):
 garbage-first heap   total 229376K, used 168271K [0x0000000080000000, 0x0000000100000000)
  region size 1024K, 4 young (4096K), 4 survivors (4096K)
 Metaspace       used 100412K, capacity 102954K, committed 103416K, reserved 1138688K
  class space    used 13117K, capacity 14091K, committed 14328K, reserved 1048576K
}
Event: 22.314 GC heap before
{Heap before GC invocations=29 (full 0):
 garbage-first heap   total 229376K, used 189775K [0x0000000080000000, 0x0000000100000000)
  region size 1024K, 25 young (25600K), 4 survivors (4096K)
 Metaspace       used 100460K, capacity 103018K, committed 103672K, reserved 1138688K
  class space    used 13117K, capacity 14091K, committed 14328K, reserved 1048576K
}
Event: 22.321 GC heap after
{Heap after GC invocations=30 (full 0):
 garbage-first heap   total 275456K, used 169063K [0x0000000080000000, 0x0000000100000000)
  region size 1024K, 1 young (1024K), 1 survivors (1024K)
 Metaspace       used 100460K, capacity 103018K, committed 103672K, reserved 1138688K
  class space    used 13117K, capacity 14091K, committed 14328K, reserved 1048576K
}
Event: 22.352 GC heap before
{Heap before GC invocations=31 (full 0):
 garbage-first heap   total 275456K, used 174183K [0x0000000080000000, 0x0000000100000000)
  region size 1024K, 7 young (7168K), 1 survivors (1024K)
 Metaspace       used 100540K, capacity 103026K, committed 103672K, reserved 1138688K
  class space    used 13120K, capacity 14094K, committed 14328K, reserved 1048576K
}
Event: 22.356 GC heap after
{Heap after GC invocations=32 (full 0):
 garbage-first heap   total 275456K, used 168872K [0x0000000080000000, 0x0000000100000000)
  region size 1024K, 1 young (1024K), 1 survivors (1024K)
 Metaspace       used 100540K, capacity 103026K, committed 103672K, reserved 1138688K
  class space    used 13120K, capacity 14094K, committed 14328K, reserved 1048576K
}
Event: 22.639 GC heap before
{Heap before GC invocations=32 (full 0):
 garbage-first heap   total 275456K, used 209643K [0x0000000080000000, 0x0000000100000000)
  region size 1024K, 40 young (40960K), 1 survivors (1024K)
 Metaspace       used 100687K, capacity 103155K, committed 103672K, reserved 1138688K
  class space    used 13123K, capacity 14094K, committed 14328K, reserved 1048576K
}
Event: 22.641 GC heap after
{Heap after GC invocations=33 (full 0):
 garbage-first heap   total 275456K, used 169399K [0x0000000080000000, 0x0000000100000000)
  region size 1024K, 1 young (1024K), 1 survivors (1024K)
 Metaspace       used 100687K, capacity 103155K, committed 103672K, reserved 1138688K
  class space    used 13123K, capacity 14094K, committed 14328K, reserved 1048576K
}
Event: 22.800 GC heap before
{Heap before GC invocations=34 (full 0):
 garbage-first heap   total 275456K, used 212407K [0x0000000080000000, 0x0000000100000000)
  region size 1024K, 43 young (44032K), 1 survivors (1024K)
 Metaspace       used 100816K, capacity 103331K, committed 103672K, reserved 1138688K
  class space    used 13140K, capacity 14122K, committed 14328K, reserved 1048576K
}
Event: 22.801 GC heap after
{Heap after GC invocations=35 (full 0):
 garbage-first heap   total 275456K, used 169591K [0x0000000080000000, 0x0000000100000000)
  region size 1024K, 1 young (1024K), 1 survivors (1024K)
 Metaspace       used 100816K, capacity 103331K, committed 103672K, reserved 1138688K
  class space    used 13140K, capacity 14122K, committed 14328K, reserved 1048576K
}
Event: 22.847 GC heap before
{Heap before GC invocations=35 (full 0):
 garbage-first heap   total 275456K, used 181879K [0x0000000080000000, 0x0000000100000000)
  region size 1024K, 13 young (13312K), 1 survivors (1024K)
 Metaspace       used 100839K, capacity 103351K, committed 103672K, reserved 1138688K
  class space    used 13143K, capacity 14127K, committed 14328K, reserved 1048576K
}
Event: 22.852 GC heap after
{Heap after GC invocations=36 (full 0):
 garbage-first heap   total 275456K, used 163418K [0x0000000080000000, 0x0000000100000000)
  region size 1024K, 1 young (1024K), 1 survivors (1024K)
 Metaspace       used 100839K, capacity 103351K, committed 103672K, reserved 1138688K
  class space    used 13143K, capacity 14127K, committed 14328K, reserved 1048576K
}
Event: 22.999 GC heap before
{Heap before GC invocations=36 (full 0):
 garbage-first heap   total 275456K, used 212570K [0x0000000080000000, 0x0000000100000000)
  region size 1024K, 49 young (50176K), 1 survivors (1024K)
 Metaspace       used 100900K, capacity 103383K, committed 103672K, reserved 1138688K
  class space    used 13149K, capacity 14129K, committed 14328K, reserved 1048576K
}
Event: 23.002 GC heap after
{Heap after GC invocations=37 (full 0):
 garbage-first heap   total 275456K, used 163654K [0x0000000080000000, 0x0000000100000000)
  region size 1024K, 1 young (1024K), 1 survivors (1024K)
 Metaspace       used 100900K, capacity 103383K, committed 103672K, reserved 1138688K
  class space    used 13149K, capacity 14129K, committed 14328K, reserved 1048576K
}
Event: 23.330 GC heap before
{Heap before GC invocations=38 (full 0):
 garbage-first heap   total 275456K, used 200518K [0x0000000080000000, 0x0000000100000000)
  region size 1024K, 52 young (53248K), 1 survivors (1024K)
 Metaspace       used 101653K, capacity 104275K, committed 104568K, reserved 1138688K
  class space    used 13256K, capacity 14278K, committed 14456K, reserved 1048576K
}
Event: 23.333 GC heap after
{Heap after GC invocations=39 (full 0):
 garbage-first heap   total 275456K, used 145679K [0x0000000080000000, 0x0000000100000000)
  region size 1024K, 1 young (1024K), 1 survivors (1024K)
 Metaspace       used 101653K, capacity 104275K, committed 104568K, reserved 1138688K
  class space    used 13256K, capacity 14278K, committed 14456K, reserved 1048576K
}
Event: 23.584 GC heap before
{Heap before GC invocations=39 (full 0):
 garbage-first heap   total 275456K, used 156943K [0x0000000080000000, 0x0000000100000000)
  region size 1024K, 13 young (13312K), 1 survivors (1024K)
 Metaspace       used 104420K, capacity 107000K, committed 107128K, reserved 1142784K
  class space    used 13634K, capacity 14629K, committed 14712K, reserved 1048576K
}
Event: 23.593 GC heap after
{Heap after GC invocations=40 (full 0):
 garbage-first heap   total 275456K, used 120252K [0x0000000080000000, 0x0000000100000000)
  region size 1024K, 1 young (1024K), 1 survivors (1024K)
 Metaspace       used 104420K, capacity 107000K, committed 107128K, reserved 1142784K
  class space    used 13634K, capacity 14629K, committed 14712K, reserved 1048576K
}
Event: 23.783 GC heap before
{Heap before GC invocations=40 (full 0):
 garbage-first heap   total 275456K, used 133564K [0x0000000080000000, 0x0000000100000000)
  region size 1024K, 13 young (13312K), 1 survivors (1024K)
 Metaspace       used 106984K, capacity 109772K, committed 110072K, reserved 1144832K
  class space    used 13943K, capacity 14960K, committed 15096K, reserved 1048576K
}
Event: 23.796 GC heap after
{Heap after GC invocations=41 (full 0):
 garbage-first heap   total 275456K, used 113729K [0x0000000080000000, 0x0000000100000000)
  region size 1024K, 2 young (2048K), 2 survivors (2048K)
 Metaspace       used 106984K, capacity 109772K, committed 110072K, reserved 1144832K
  class space    used 13943K, capacity 14960K, committed 15096K, reserved 1048576K
}
Event: 25.769 GC heap before
{Heap before GC invocations=41 (full 0):
 garbage-first heap   total 275456K, used 192577K [0x0000000080000000, 0x0000000100000000)
  region size 1024K, 78 young (79872K), 2 survivors (2048K)
 Metaspace       used 110365K, capacity 113230K, committed 113272K, reserved 1146880K
  class space    used 14323K, capacity 15441K, committed 15480K, reserved 1048576K
}

