# JRE version: OpenJDK Runtime Environment (11.0.12+7) (build 11.0.12+7-b1504.28-7817840)
# Java VM: OpenJDK 64-Bit Server VM (11.0.12+7-b1504.28-7817840, mixed mode, tiered, compressed oops, g1 gc, windows-amd64)
Heap:
 garbage-first heap   total 275456K, used 133631K [0x0000000080000000, 0x0000000100000000)
  region size 1024K, 18 young (18432K), 17 survivors (17408K)
 Metaspace       used 97175K, capacity 99654K, committed 99832K, reserved 1134592K
  class space    used 12758K, capacity 13712K, committed 13816K, reserved 1048576K
GC Heap History (20 events):
Event: 4.711 GC heap after
{Heap after GC invocations=2 (full 0):
 garbage-first heap   total 229376K, used 16946K [0x0000000080000000, 0x0000000100000000)
  region size 1024K, 11 young (11264K), 11 survivors (11264K)
 Metaspace       used 20663K, capacity 21085K, committed 21248K, reserved 1067008K
  class space    used 2546K, capacity 2712K, committed 2816K, reserved 1048576K
}
Event: 5.242 GC heap before
{Heap before GC invocations=3 (full 0):
 garbage-first heap   total 229376K, used 45618K [0x0000000080000000, 0x0000000100000000)
  region size 1024K, 39 young (39936K), 11 survivors (11264K)
 Metaspace       used 23340K, capacity 23866K, committed 23936K, reserved 1071104K
  class space    used 2973K, capacity 3133K, committed 3200K, reserved 1048576K
}
Event: 5.255 GC heap after
{Heap after GC invocations=4 (full 0):
 garbage-first heap   total 229376K, used 18279K [0x0000000080000000, 0x0000000100000000)
  region size 1024K, 2 young (2048K), 2 survivors (2048K)
 Metaspace       used 23340K, capacity 23866K, committed 23936K, reserved 1071104K
  class space    used 2973K, capacity 3133K, committed 3200K, reserved 1048576K
}
Event: 7.627 GC heap before
{Heap before GC invocations=4 (full 0):
 garbage-first heap   total 229376K, used 104295K [0x0000000080000000, 0x0000000100000000)
  region size 1024K, 87 young (89088K), 2 survivors (2048K)
 Metaspace       used 34910K, capacity 35727K, committed 35840K, reserved 1081344K
  class space    used 4533K, capacity 4839K, committed 4864K, reserved 1048576K
}
Event: 7.657 GC heap after
{Heap after GC invocations=5 (full 0):
 garbage-first heap   total 229376K, used 22348K [0x0000000080000000, 0x0000000100000000)
  region size 1024K, 6 young (6144K), 6 survivors (6144K)
 Metaspace       used 34910K, capacity 35727K, committed 35840K, reserved 1081344K
  class space    used 4533K, capacity 4839K, committed 4864K, reserved 1048576K
}
Event: 10.090 GC heap before
{Heap before GC invocations=6 (full 0):
 garbage-first heap   total 229376K, used 143180K [0x0000000080000000, 0x0000000100000000)
  region size 1024K, 121 young (123904K), 6 survivors (6144K)
 Metaspace       used 44842K, capacity 45879K, committed 46208K, reserved 1089536K
  class space    used 5781K, capacity 6163K, committed 6272K, reserved 1048576K
}
Event: 10.118 GC heap after
{Heap after GC invocations=7 (full 0):
 garbage-first heap   total 229376K, used 29770K [0x0000000080000000, 0x0000000100000000)
  region size 1024K, 13 young (13312K), 13 survivors (13312K)
 Metaspace       used 44842K, capacity 45879K, committed 46208K, reserved 1089536K
  class space    used 5781K, capacity 6163K, committed 6272K, reserved 1048576K
}
Event: 12.658 GC heap before
{Heap before GC invocations=7 (full 0):
 garbage-first heap   total 229376K, used 157770K [0x0000000080000000, 0x0000000100000000)
  region size 1024K, 134 young (137216K), 13 survivors (13312K)
 Metaspace       used 53398K, capacity 54708K, committed 55040K, reserved 1097728K
  class space    used 6838K, capacity 7343K, committed 7424K, reserved 1048576K
}
Event: 12.711 GC heap after
{Heap after GC invocations=8 (full 0):
 garbage-first heap   total 229376K, used 44032K [0x0000000080000000, 0x0000000100000000)
  region size 1024K, 17 young (17408K), 17 survivors (17408K)
 Metaspace       used 53398K, capacity 54708K, committed 55040K, reserved 1097728K
  class space    used 6838K, capacity 7343K, committed 7424K, reserved 1048576K
}
Event: 13.674 GC heap before
{Heap before GC invocations=8 (full 0):
 garbage-first heap   total 229376K, used 75776K [0x0000000080000000, 0x0000000100000000)
  region size 1024K, 49 young (50176K), 17 survivors (17408K)
 Metaspace       used 58494K, capacity 59876K, committed 59904K, reserved 1101824K
  class space    used 7410K, capacity 7930K, committed 7936K, reserved 1048576K
}
Event: 13.715 GC heap after
{Heap after GC invocations=9 (full 0):
 garbage-first heap   total 229376K, used 46798K [0x0000000080000000, 0x0000000100000000)
  region size 1024K, 3 young (3072K), 3 survivors (3072K)
 Metaspace       used 58494K, capacity 59876K, committed 59904K, reserved 1101824K
  class space    used 7410K, capacity 7930K, committed 7936K, reserved 1048576K
}
Event: 15.812 GC heap before
{Heap before GC invocations=10 (full 0):
 garbage-first heap   total 229376K, used 159438K [0x0000000080000000, 0x0000000100000000)
  region size 1024K, 113 young (115712K), 3 survivors (3072K)
 Metaspace       used 66484K, capacity 68127K, committed 68344K, reserved 1107968K
  class space    used 8465K, capacity 9089K, committed 9208K, reserved 1048576K
}
Event: 15.824 GC heap after
{Heap after GC invocations=11 (full 0):
 garbage-first heap   total 275456K, used 53966K [0x0000000080000000, 0x0000000100000000)
  region size 1024K, 10 young (10240K), 10 survivors (10240K)
 Metaspace       used 66484K, capacity 68127K, committed 68344K, reserved 1107968K
  class space    used 8465K, capacity 9089K, committed 9208K, reserved 1048576K
}
Event: 18.176 GC heap before
{Heap before GC invocations=11 (full 0):
 garbage-first heap   total 275456K, used 190158K [0x0000000080000000, 0x0000000100000000)
  region size 1024K, 143 young (146432K), 10 survivors (10240K)
 Metaspace       used 80579K, capacity 82375K, committed 82680K, reserved 1120256K
  class space    used 10498K, capacity 11194K, committed 11256K, reserved 1048576K
}
Event: 18.201 GC heap after
{Heap after GC invocations=12 (full 0):
 garbage-first heap   total 275456K, used 63743K [0x0000000080000000, 0x0000000100000000)
  region size 1024K, 18 young (18432K), 18 survivors (18432K)
 Metaspace       used 80579K, capacity 82375K, committed 82680K, reserved 1120256K
  class space    used 10498K, capacity 11194K, committed 11256K, reserved 1048576K
}
Event: 19.819 GC heap before
{Heap before GC invocations=12 (full 0):
 garbage-first heap   total 275456K, used 198911K [0x0000000080000000, 0x0000000100000000)
  region size 1024K, 151 young (154624K), 18 survivors (18432K)
 Metaspace       used 85832K, capacity 88069K, committed 88312K, reserved 1126400K
  class space    used 11140K, capacity 11982K, committed 12024K, reserved 1048576K
}
Event: 19.843 GC heap after
{Heap after GC invocations=13 (full 0):
 garbage-first heap   total 275456K, used 74294K [0x0000000080000000, 0x0000000100000000)
  region size 1024K, 11 young (11264K), 11 survivors (11264K)
 Metaspace       used 85832K, capacity 88069K, committed 88312K, reserved 1126400K
  class space    used 11140K, capacity 11982K, committed 12024K, reserved 1048576K
}
Event: 20.647 GC heap before
{Heap before GC invocations=13 (full 0):
 garbage-first heap   total 275456K, used 211510K [0x0000000080000000, 0x0000000100000000)
  region size 1024K, 141 young (144384K), 11 survivors (11264K)
 Metaspace       used 91722K, capacity 94005K, committed 94200K, reserved 1130496K
  class space    used 11872K, capacity 12722K, committed 12792K, reserved 1048576K
}
Event: 20.670 GC heap after
{Heap after GC invocations=14 (full 0):
 garbage-first heap   total 275456K, used 90090K [0x0000000080000000, 0x0000000100000000)
  region size 1024K, 11 young (11264K), 11 survivors (11264K)
 Metaspace       used 91722K, capacity 94005K, committed 94200K, reserved 1130496K
  class space    used 11872K, capacity 12722K, committed 12792K, reserved 1048576K
}
Event: 21.650 GC heap before
{Heap before GC invocations=14 (full 0):
 garbage-first heap   total 275456K, used 224234K [0x0000000080000000, 0x0000000100000000)
  region size 1024K, 130 young (133120K), 11 survivors (11264K)
 Metaspace       used 97175K, capacity 99654K, committed 99832K, reserved 1134592K
  class space    used 12758K, capacity 13712K, committed 13816K, reserved 1048576K
}

